<?xml version="1.0" encoding="UTF-8"?>
<!-- Generated by org.testng.reporters.JUnitReportReporter -->
<testsuite hostname="192168111.local" failures="0" tests="1" name="com.dotcom.testcases.NavToResidential" time="6.968" errors="0" timestamp="2020-05-06T15:05:58 IST" skipped="0">
  <testcase classname="com.dotcom.testcases.NavToResidential" name="navToResidential" time="6.968"/>
  <system-out/>
</testsuite> <!-- com.dotcom.testcases.NavToResidential -->
